<?xml version="1.0" encoding="UTF-8"?>
<!-- Generated by org.testng.reporters.JUnitXMLReporter -->
<testsuite hostname="DESKTOP-8R3E7EB" ignored="0" name="Test" tests="6" failures="0" timestamp="2020-05-15T10:30:24 IST" time="0.072" errors="0">
  <testcase name="browserAutomation" time="0.008" classname="mydemo.SeleniumTest"/>
  <testcase name="uiAutomation" time="0.0" classname="mydemo.SeleniumTest"/>
  <testcase name="AndroidApps" time="0.0" classname="mydemo.AppiumTest"/>
  <testcase name="IOSApps" time="0.0" classname="mydemo.AppiumTest"/>
  <testcase name="deleteTwitter" time="0.004" classname="mydemo.RESTApiTest"/>
  <testcase name="reportJira" time="0.0" classname="mydemo.RESTApiTest"/>
</testsuite> <!-- Test -->
