<?xml version="1.0" encoding="UTF-8"?>
<testsuite xmlns:xsi="http://www.w3.org/2001/XMLSchema-instance" xsi:noNamespaceSchemaLocation="https://maven.apache.org/surefire/maven-surefire-plugin/xsd/surefire-test-report-3.0.xsd" version="3.0" name="TestSuite" time="1.453" tests="6" errors="0" skipped="0" failures="0">
  <properties>
[...]
</properties>
  <testcase name="browserAutomation" classname="mydemo.SeleniumTest" time="0.008"/>
  <testcase name="uiAutomation" classname="mydemo.SeleniumTest" time="0"/>
  <testcase name="AndroidApps" classname="mydemo.AppiumTest" time="0"/>
  <testcase name="IOSApps" classname="mydemo.AppiumTest" time="0"/>
  <testcase name="deleteTwitter" classname="mydemo.RESTApiTest" time="0"/>
  <testcase name="reportJira" classname="mydemo.RESTApiTest" time="0"/>
</testsuite>